<?xml version="1.0" encoding="UTF-8"?>
<!-- Generated by org.testng.reporters.JUnitReportReporter -->
<testsuite hostname="DESKTOP-NECNABD" failures="0" tests="2" name="tests.LoginTest" time="5.841" errors="0" timestamp="2021-02-22T10:20:28 EET" skipped="0">
  <testcase classname="tests.LoginTest" name="UserCanLogOut" time="2.788"/>
  <system-out/>
  <testcase classname="tests.LoginTest" name="usercanlogin" time="3.053"/>
  <system-out/>
</testsuite> <!-- tests.LoginTest -->
